Starting Selenium Grid
[jenkins] $ /usr/lib/jvm/java-1.8.0-openjdk-1.8.0.292.b10-1.el8_4.x86_64/jre/bin/java -cp /var/cache/jenkins/war/WEB-INF/lib/remoting-4.7.jar hudson.remoting.Launcher -cp /var/lib/jenkins/plugins/selenium/WEB-INF/lib/selenium-server-standalone-3.141.59.jar:/var/lib/jenkins/plugins/selenium/WEB-INF/lib/htmlunit-driver-standalone-2.33.3.jar -connectTo localhost:33391
Starting Selenium Grid
channel started
Jul 18, 2021 11:30:00 AM hudson.plugins.selenium.HubLauncher call
OFF: Grid hub starting with log level INFO
Jul 18, 2021 11:30:00 AM hudson.plugins.selenium.HubLauncher call
OFF: Grid Hub preparing to start on port 4444
2021-07-18 11:30:02.717:INFO::pool-1-thread-3 for channel id=0: Logging initialized @16069ms to org.seleniumhq.jetty9.util.log.StdErrLog
2021-07-18 11:30:02.856:INFO:osjs.Server:pool-1-thread-3 for channel id=0: jetty-9.4.z-SNAPSHOT; built: 2018-08-30T13:59:14.071Z; git: 27208684755d94a92186989f695db2d7b21ebc51; jvm 1.8.0_292-b10
2021-07-18 11:30:02.922:INFO:osjs.session:pool-1-thread-3 for channel id=0: DefaultSessionIdManager workerName=node0
2021-07-18 11:30:02.922:INFO:osjs.session:pool-1-thread-3 for channel id=0: No SessionScavenger set, using defaults
2021-07-18 11:30:02.927:INFO:osjs.session:pool-1-thread-3 for channel id=0: node0 Scavenging every 660000ms
2021-07-18 11:30:02.934:INFO:osjsh.ContextHandler:pool-1-thread-3 for channel id=0: Started o.s.j.s.ServletContextHandler@25bed289{/,null,AVAILABLE}
2021-07-18 11:30:02.945:INFO:osjs.AbstractConnector:pool-1-thread-3 for channel id=0: Stopped ServerConnector@2d0f3edc{HTTP/1.1,[http/1.1]}{3.143.231.175:4444}
2021-07-18 11:30:02.946:INFO:osjs.session:pool-1-thread-3 for channel id=0: node0 Stopped scavenging
2021-07-18 11:30:02.947:INFO:osjsh.ContextHandler:pool-1-thread-3 for channel id=0: Stopped o.s.j.s.ServletContextHandler@25bed289{/,null,UNAVAILABLE}
Jul 18, 2021 11:30:02 AM org.openqa.grid.internal.DefaultGridRegistry assignRequestToProxy
INFO: Shutting down registry.
Jul 18, 2021 11:30:02 AM org.openqa.grid.web.Hub start
SEVERE: Port 4444 is busy, please choose a free port for the hub and specify it using -port option
Jul 18, 2021 11:30:02 AM hudson.plugins.selenium.HubLauncher call
OFF: Grid Hub started on port 4444 with args: -maxSession 5 -timeout 300 -browserTimeout 0 -host 3.143.231.175
